Analysis & Synthesis report for AsToBr
Thu Nov 05 16:01:26 2020
Quartus Prime Version 16.1.0 Build 196 10/24/2016 SJ Lite Edition


---------------------
; Table of Contents ;
---------------------
  1. Legal Notice
  2. Analysis & Synthesis Summary
  3. Analysis & Synthesis Settings
  4. Parallel Compilation
  5. Analysis & Synthesis Source Files Read
  6. Analysis & Synthesis Resource Usage Summary
  7. Analysis & Synthesis Resource Utilization by Entity
  8. State Machine - |top|cont:C0|ps
  9. User-Specified and Inferred Latches
 10. Registers Removed During Synthesis
 11. General Register Statistics
 12. Inverted Register Statistics
 13. Multiplexer Restructuring Statistics (Restructuring Performed)
 14. Parameter Settings for User Entity Instance: cont:C0
 15. Port Connectivity Checks: "AsToBr:D0"
 16. Post-Synthesis Netlist Statistics for Top Partition
 17. Elapsed Time Per Partition
 18. Analysis & Synthesis Messages
 19. Analysis & Synthesis Suppressed Messages



----------------
; Legal Notice ;
----------------
Copyright (C) 2016  Intel Corporation. All rights reserved.
Your use of Intel Corporation's design tools, logic functions 
and other software and tools, and its AMPP partner logic 
functions, and any output files from any of the foregoing 
(including device programming or simulation files), and any 
associated documentation or information are expressly subject 
to the terms and conditions of the Intel Program License 
Subscription Agreement, the Intel Quartus Prime License Agreement,
the Intel MegaCore Function License Agreement, or other 
applicable license agreement, including, without limitation, 
that your use is for the sole purpose of programming logic 
devices manufactured by Intel and sold by Intel or its 
authorized distributors.  Please refer to the applicable 
agreement for further details.



+----------------------------------------------------------------------------------+
; Analysis & Synthesis Summary                                                     ;
+------------------------------------+---------------------------------------------+
; Analysis & Synthesis Status        ; Successful - Thu Nov 05 16:01:26 2020       ;
; Quartus Prime Version              ; 16.1.0 Build 196 10/24/2016 SJ Lite Edition ;
; Revision Name                      ; AsToBr                                      ;
; Top-level Entity Name              ; top                                         ;
; Family                             ; Cyclone IV E                                ;
; Total logic elements               ; 193                                         ;
;     Total combinational functions  ; 125                                         ;
;     Dedicated logic registers      ; 93                                          ;
; Total registers                    ; 93                                          ;
; Total pins                         ; 17                                          ;
; Total virtual pins                 ; 0                                           ;
; Total memory bits                  ; 0                                           ;
; Embedded Multiplier 9-bit elements ; 0                                           ;
; Total PLLs                         ; 0                                           ;
+------------------------------------+---------------------------------------------+


+----------------------------------------------------------------------------------------------------------------------+
; Analysis & Synthesis Settings                                                                                        ;
+----------------------------------------------------------------------------+--------------------+--------------------+
; Option                                                                     ; Setting            ; Default Value      ;
+----------------------------------------------------------------------------+--------------------+--------------------+
; Device                                                                     ; EP4CE115F29C7      ;                    ;
; Top-level entity name                                                      ; top                ; AsToBr             ;
; Family name                                                                ; Cyclone IV E       ; Cyclone V          ;
; Use smart compilation                                                      ; Off                ; Off                ;
; Enable parallel Assembler and TimeQuest Timing Analyzer during compilation ; On                 ; On                 ;
; Enable compact report table                                                ; Off                ; Off                ;
; Restructure Multiplexers                                                   ; Auto               ; Auto               ;
; Create Debugging Nodes for IP Cores                                        ; Off                ; Off                ;
; Preserve fewer node names                                                  ; On                 ; On                 ;
; OpenCore Plus hardware evaluation                                          ; Enable             ; Enable             ;
; Verilog Version                                                            ; Verilog_2001       ; Verilog_2001       ;
; VHDL Version                                                               ; VHDL_1993          ; VHDL_1993          ;
; State Machine Processing                                                   ; Auto               ; Auto               ;
; Safe State Machine                                                         ; Off                ; Off                ;
; Extract Verilog State Machines                                             ; On                 ; On                 ;
; Extract VHDL State Machines                                                ; On                 ; On                 ;
; Ignore Verilog initial constructs                                          ; Off                ; Off                ;
; Iteration limit for constant Verilog loops                                 ; 5000               ; 5000               ;
; Iteration limit for non-constant Verilog loops                             ; 250                ; 250                ;
; Add Pass-Through Logic to Inferred RAMs                                    ; On                 ; On                 ;
; Infer RAMs from Raw Logic                                                  ; On                 ; On                 ;
; Parallel Synthesis                                                         ; On                 ; On                 ;
; DSP Block Balancing                                                        ; Auto               ; Auto               ;
; NOT Gate Push-Back                                                         ; On                 ; On                 ;
; Power-Up Don't Care                                                        ; On                 ; On                 ;
; Remove Redundant Logic Cells                                               ; Off                ; Off                ;
; Remove Duplicate Registers                                                 ; On                 ; On                 ;
; Ignore CARRY Buffers                                                       ; Off                ; Off                ;
; Ignore CASCADE Buffers                                                     ; Off                ; Off                ;
; Ignore GLOBAL Buffers                                                      ; Off                ; Off                ;
; Ignore ROW GLOBAL Buffers                                                  ; Off                ; Off                ;
; Ignore LCELL Buffers                                                       ; Off                ; Off                ;
; Ignore SOFT Buffers                                                        ; On                 ; On                 ;
; Limit AHDL Integers to 32 Bits                                             ; Off                ; Off                ;
; Optimization Technique                                                     ; Balanced           ; Balanced           ;
; Carry Chain Length                                                         ; 70                 ; 70                 ;
; Auto Carry Chains                                                          ; On                 ; On                 ;
; Auto Open-Drain Pins                                                       ; On                 ; On                 ;
; Perform WYSIWYG Primitive Resynthesis                                      ; Off                ; Off                ;
; Auto ROM Replacement                                                       ; On                 ; On                 ;
; Auto RAM Replacement                                                       ; On                 ; On                 ;
; Auto DSP Block Replacement                                                 ; On                 ; On                 ;
; Auto Shift Register Replacement                                            ; Auto               ; Auto               ;
; Allow Shift Register Merging across Hierarchies                            ; Auto               ; Auto               ;
; Auto Clock Enable Replacement                                              ; On                 ; On                 ;
; Strict RAM Replacement                                                     ; Off                ; Off                ;
; Allow Synchronous Control Signals                                          ; On                 ; On                 ;
; Force Use of Synchronous Clear Signals                                     ; Off                ; Off                ;
; Auto RAM Block Balancing                                                   ; On                 ; On                 ;
; Auto RAM to Logic Cell Conversion                                          ; Off                ; Off                ;
; Auto Resource Sharing                                                      ; Off                ; Off                ;
; Allow Any RAM Size For Recognition                                         ; Off                ; Off                ;
; Allow Any ROM Size For Recognition                                         ; Off                ; Off                ;
; Allow Any Shift Register Size For Recognition                              ; Off                ; Off                ;
; Use LogicLock Constraints during Resource Balancing                        ; On                 ; On                 ;
; Ignore translate_off and synthesis_off directives                          ; Off                ; Off                ;
; Timing-Driven Synthesis                                                    ; On                 ; On                 ;
; Report Parameter Settings                                                  ; On                 ; On                 ;
; Report Source Assignments                                                  ; On                 ; On                 ;
; Report Connectivity Checks                                                 ; On                 ; On                 ;
; Ignore Maximum Fan-Out Assignments                                         ; Off                ; Off                ;
; Synchronization Register Chain Length                                      ; 2                  ; 2                  ;
; PowerPlay Power Optimization During Synthesis                              ; Normal compilation ; Normal compilation ;
; HDL message level                                                          ; Level2             ; Level2             ;
; Suppress Register Optimization Related Messages                            ; Off                ; Off                ;
; Number of Removed Registers Reported in Synthesis Report                   ; 5000               ; 5000               ;
; Number of Swept Nodes Reported in Synthesis Report                         ; 5000               ; 5000               ;
; Number of Inverted Registers Reported in Synthesis Report                  ; 100                ; 100                ;
; Clock MUX Protection                                                       ; On                 ; On                 ;
; Auto Gated Clock Conversion                                                ; Off                ; Off                ;
; Block Design Naming                                                        ; Auto               ; Auto               ;
; SDC constraint protection                                                  ; Off                ; Off                ;
; Synthesis Effort                                                           ; Auto               ; Auto               ;
; Shift Register Replacement - Allow Asynchronous Clear Signal               ; On                 ; On                 ;
; Pre-Mapping Resynthesis Optimization                                       ; Off                ; Off                ;
; Analysis & Synthesis Message Level                                         ; Medium             ; Medium             ;
; Disable Register Merging Across Hierarchies                                ; Auto               ; Auto               ;
; Resource Aware Inference For Block RAM                                     ; On                 ; On                 ;
+----------------------------------------------------------------------------+--------------------+--------------------+


+------------------------------------------+
; Parallel Compilation                     ;
+----------------------------+-------------+
; Processors                 ; Number      ;
+----------------------------+-------------+
; Number detected on machine ; 12          ;
; Maximum allowed            ; 6           ;
;                            ;             ;
; Average used               ; 1.00        ;
; Maximum used               ; 6           ;
;                            ;             ;
; Usage by Processor         ; % Time Used ;
;     Processor 1            ; 100.0%      ;
;     Processor 2            ;   0.0%      ;
;     Processors 3-6         ;   0.0%      ;
+----------------------------+-------------+


+------------------------------------------------------------------------------------------------------------------------------+
; Analysis & Synthesis Source Files Read                                                                                       ;
+----------------------------------+-----------------+------------------------+--------------------------------------+---------+
; File Name with User-Entered Path ; Used in Netlist ; File Type              ; File Name with Absolute Path         ; Library ;
+----------------------------------+-----------------+------------------------+--------------------------------------+---------+
; AsToBr.v                         ; yes             ; User Verilog HDL File  ; C:/modelsimproject/jeomja/AsToBr.v   ;         ;
; cont.v                           ; yes             ; User Verilog HDL File  ; C:/modelsimproject/jeomja/cont.v     ;         ;
; tempsave.v                       ; yes             ; User Verilog HDL File  ; C:/modelsimproject/jeomja/tempsave.v ;         ;
; top.v                            ; yes             ; User Verilog HDL File  ; C:/modelsimproject/jeomja/top.v      ;         ;
+----------------------------------+-----------------+------------------------+--------------------------------------+---------+


+---------------------------------------------------------+
; Analysis & Synthesis Resource Usage Summary             ;
+---------------------------------------------+-----------+
; Resource                                    ; Usage     ;
+---------------------------------------------+-----------+
; Estimated Total logic elements              ; 193       ;
;                                             ;           ;
; Total combinational functions               ; 125       ;
; Logic element usage by number of LUT inputs ;           ;
;     -- 4 input functions                    ; 94        ;
;     -- 3 input functions                    ; 15        ;
;     -- <=2 input functions                  ; 16        ;
;                                             ;           ;
; Logic elements by mode                      ;           ;
;     -- normal mode                          ; 125       ;
;     -- arithmetic mode                      ; 0         ;
;                                             ;           ;
; Total registers                             ; 93        ;
;     -- Dedicated logic registers            ; 93        ;
;     -- I/O registers                        ; 0         ;
;                                             ;           ;
; I/O pins                                    ; 17        ;
;                                             ;           ;
; Embedded Multiplier 9-bit elements          ; 0         ;
;                                             ;           ;
; Maximum fan-out node                        ; rst~input ;
; Maximum fan-out                             ; 91        ;
; Total fan-out                               ; 827       ;
; Average fan-out                             ; 3.28      ;
+---------------------------------------------+-----------+


+----------------------------------------------------------------------------------------------------------------------------------------------------------------------------------------------------------+
; Analysis & Synthesis Resource Utilization by Entity                                                                                                                                                      ;
+----------------------------+---------------------+---------------------------+-------------+--------------+---------+-----------+------+--------------+---------------------+-------------+--------------+
; Compilation Hierarchy Node ; Combinational ALUTs ; Dedicated Logic Registers ; Memory Bits ; DSP Elements ; DSP 9x9 ; DSP 18x18 ; Pins ; Virtual Pins ; Full Hierarchy Name ; Entity Name ; Library Name ;
+----------------------------+---------------------+---------------------------+-------------+--------------+---------+-----------+------+--------------+---------------------+-------------+--------------+
; |top                       ; 125 (0)             ; 93 (14)                   ; 0           ; 0            ; 0       ; 0         ; 17   ; 0            ; |top                ; top         ; work         ;
;    |AsToBr:D0|             ; 32 (32)             ; 0 (0)                     ; 0           ; 0            ; 0       ; 0         ; 0    ; 0            ; |top|AsToBr:D0      ; AsToBr      ; work         ;
;    |cont:C0|               ; 24 (24)             ; 9 (9)                     ; 0           ; 0            ; 0       ; 0         ; 0    ; 0            ; |top|cont:C0        ; cont        ; work         ;
;    |tempsave:T0|           ; 69 (69)             ; 70 (70)                   ; 0           ; 0            ; 0       ; 0         ; 0    ; 0            ; |top|tempsave:T0    ; tempsave    ; work         ;
+----------------------------+---------------------+---------------------------+-------------+--------------+---------+-----------+------+--------------+---------------------+-------------+--------------+
Note: For table entries with two numbers listed, the numbers in parentheses indicate the number of resources of the given type used by the specific entity alone. The numbers listed outside of parentheses indicate the total resources of the given type used by the specific entity and all of its sub-entities in the hierarchy.


Encoding Type:  One-Hot
+-------------------------------------------------------------------------+
; State Machine - |top|cont:C0|ps                                         ;
+---------+--------+--------+--------+--------+--------+---------+--------+
; Name    ; ps.DEL ; ps.BRO ; ps.SSO ; ps.NSO ; ps.CSO ; ps.LOAD ; ps.000 ;
+---------+--------+--------+--------+--------+--------+---------+--------+
; ps.000  ; 0      ; 0      ; 0      ; 0      ; 0      ; 0       ; 0      ;
; ps.LOAD ; 0      ; 0      ; 0      ; 0      ; 0      ; 1       ; 1      ;
; ps.CSO  ; 0      ; 0      ; 0      ; 0      ; 1      ; 0       ; 1      ;
; ps.NSO  ; 0      ; 0      ; 0      ; 1      ; 0      ; 0       ; 1      ;
; ps.SSO  ; 0      ; 0      ; 1      ; 0      ; 0      ; 0       ; 1      ;
; ps.BRO  ; 0      ; 1      ; 0      ; 0      ; 0      ; 0       ; 1      ;
; ps.DEL  ; 1      ; 0      ; 0      ; 0      ; 0      ; 0       ; 1      ;
+---------+--------+--------+--------+--------+--------+---------+--------+


+---------------------------------------------------------------------------------------------------+
; User-Specified and Inferred Latches                                                               ;
+----------------------------------------------------+---------------------+------------------------+
; Latch Name                                         ; Latch Enable Signal ; Free of Timing Hazards ;
+----------------------------------------------------+---------------------+------------------------+
; cont:C0|dcs                                        ; cont:C0|ps.LOAD     ; yes                    ;
; cont:C0|cscplt                                     ; cont:C0|WideOr2     ; yes                    ;
; cont:C0|numcplt                                    ; cont:C0|WideOr2     ; yes                    ;
; cont:C0|tmode                                      ; cont:C0|ps.LOAD     ; yes                    ;
; Number of user-specified and inferred latches = 4  ;                     ;                        ;
+----------------------------------------------------+---------------------+------------------------+
Note: All latches listed above may not be present at the end of synthesis due to various synthesis optimizations.


+------------------------------------------------------------+
; Registers Removed During Synthesis                         ;
+---------------------------------------+--------------------+
; Register name                         ; Reason for Removal ;
+---------------------------------------+--------------------+
; cont:C0|ps~4                          ; Lost fanout        ;
; cont:C0|ps~5                          ; Lost fanout        ;
; cont:C0|ps~6                          ; Lost fanout        ;
; Total Number of Removed Registers = 3 ;                    ;
+---------------------------------------+--------------------+


+------------------------------------------------------+
; General Register Statistics                          ;
+----------------------------------------------+-------+
; Statistic                                    ; Value ;
+----------------------------------------------+-------+
; Total registers                              ; 93    ;
; Number of registers using Synchronous Clear  ; 0     ;
; Number of registers using Synchronous Load   ; 0     ;
; Number of registers using Asynchronous Clear ; 91    ;
; Number of registers using Asynchronous Load  ; 0     ;
; Number of registers using Clock Enable       ; 74    ;
; Number of registers using Preset             ; 0     ;
+----------------------------------------------+-------+


+--------------------------------------------------+
; Inverted Register Statistics                     ;
+----------------------------------------+---------+
; Inverted Register                      ; Fan out ;
+----------------------------------------+---------+
; tempsave:T0|outiter[0]                 ; 16      ;
; tempsave:T0|outiter[3]                 ; 5       ;
; Total number of inverted registers = 2 ;         ;
+----------------------------------------+---------+


+-------------------------------------------------------------------------------------------------------------------------------------------+
; Multiplexer Restructuring Statistics (Restructuring Performed)                                                                            ;
+--------------------+-----------+---------------+----------------------+------------------------+------------+-----------------------------+
; Multiplexer Inputs ; Bus Width ; Baseline Area ; Area if Restructured ; Saving if Restructured ; Registered ; Example Multiplexer Output  ;
+--------------------+-----------+---------------+----------------------+------------------------+------------+-----------------------------+
; 3:1                ; 2 bits    ; 4 LEs         ; 2 LEs                ; 2 LEs                  ; Yes        ; |top|tempsave:T0|outiter[2] ;
; 3:1                ; 4 bits    ; 8 LEs         ; 4 LEs                ; 4 LEs                  ; Yes        ; |top|tempsave:T0|initer[3]  ;
; 3:1                ; 2 bits    ; 4 LEs         ; 2 LEs                ; 2 LEs                  ; Yes        ; |top|tempsave:T0|outiter[3] ;
; 3:1                ; 3 bits    ; 6 LEs         ; 6 LEs                ; 0 LEs                  ; No         ; |top|AsToBr:D0|tin          ;
; 3:1                ; 2 bits    ; 4 LEs         ; 4 LEs                ; 0 LEs                  ; No         ; |top|AsToBr:D0|brout[5]     ;
; 5:1                ; 2 bits    ; 6 LEs         ; 4 LEs                ; 2 LEs                  ; No         ; |top|AsToBr:D0|Mux1         ;
; 16:1               ; 6 bits    ; 60 LEs        ; 36 LEs               ; 24 LEs                 ; No         ; |top|tempsave:T0|Mux5       ;
+--------------------+-----------+---------------+----------------------+------------------------+------------+-----------------------------+


+------------------------------------------------------+
; Parameter Settings for User Entity Instance: cont:C0 ;
+----------------+-------+-----------------------------+
; Parameter Name ; Value ; Type                        ;
+----------------+-------+-----------------------------+
; IDLE           ; 000   ; Unsigned Binary             ;
; LOAD           ; 001   ; Unsigned Binary             ;
; CSO            ; 010   ; Unsigned Binary             ;
; NSO            ; 011   ; Unsigned Binary             ;
; SSO            ; 100   ; Unsigned Binary             ;
; BRO            ; 101   ; Unsigned Binary             ;
; DEL            ; 110   ; Unsigned Binary             ;
+----------------+-------+-----------------------------+
Note: In order to hide this table in the UI and the text report file, please set the "Show Parameter Settings in Synthesis Report" option in "Analysis and Synthesis Settings -> More Settings" to "Off".


+-------------------------------------------------------------------------------------------------------------------+
; Port Connectivity Checks: "AsToBr:D0"                                                                             ;
+---------+--------+----------+-------------------------------------------------------------------------------------+
; Port    ; Type   ; Severity ; Details                                                                             ;
+---------+--------+----------+-------------------------------------------------------------------------------------+
; capital ; Output ; Info     ; Connected to dangling logic. Logic that only feeds a dangling port will be removed. ;
+---------+--------+----------+-------------------------------------------------------------------------------------+


+-----------------------------------------------------+
; Post-Synthesis Netlist Statistics for Top Partition ;
+-----------------------+-----------------------------+
; Type                  ; Count                       ;
+-----------------------+-----------------------------+
; boundary_port         ; 17                          ;
; cycloneiii_ff         ; 93                          ;
;     CLR               ; 17                          ;
;     ENA CLR           ; 74                          ;
;     plain             ; 2                           ;
; cycloneiii_lcell_comb ; 126                         ;
;     normal            ; 126                         ;
;         1 data inputs ; 2                           ;
;         2 data inputs ; 15                          ;
;         3 data inputs ; 15                          ;
;         4 data inputs ; 94                          ;
;                       ;                             ;
; Max LUT depth         ; 6.00                        ;
; Average LUT depth     ; 3.24                        ;
+-----------------------+-----------------------------+


+-------------------------------+
; Elapsed Time Per Partition    ;
+----------------+--------------+
; Partition Name ; Elapsed Time ;
+----------------+--------------+
; Top            ; 00:00:00     ;
+----------------+--------------+


+-------------------------------+
; Analysis & Synthesis Messages ;
+-------------------------------+
Info: *******************************************************************
Info: Running Quartus Prime Analysis & Synthesis
    Info: Version 16.1.0 Build 196 10/24/2016 SJ Lite Edition
    Info: Processing started: Thu Nov 05 16:01:17 2020
Info: Command: quartus_map --read_settings_files=on --write_settings_files=off jeomja -c AsToBr
Warning (18236): Number of processors has not been specified which may cause overloading on shared machines.  Set the global assignment NUM_PARALLEL_PROCESSORS in your QSF to an appropriate value for best performance.
Info (20030): Parallel compilation is enabled and will use 6 of the 6 processors detected
Info (12021): Found 1 design units, including 1 entities, in source file astobr.v
    Info (12023): Found entity 1: AsToBr File: C:/modelsimproject/jeomja/AsToBr.v Line: 1
Info (12021): Found 1 design units, including 1 entities, in source file cont.v
    Info (12023): Found entity 1: cont File: C:/modelsimproject/jeomja/cont.v Line: 1
Info (12021): Found 1 design units, including 1 entities, in source file tempsave.v
    Info (12023): Found entity 1: tempsave File: C:/modelsimproject/jeomja/tempsave.v Line: 1
Info (12021): Found 1 design units, including 1 entities, in source file top.v
    Info (12023): Found entity 1: top File: C:/modelsimproject/jeomja/top.v Line: 1
Info (12127): Elaborating entity "top" for the top level hierarchy
Warning (10036): Verilog HDL or VHDL warning at top.v(9): object "hra" assigned a value but never read File: C:/modelsimproject/jeomja/top.v Line: 9
Warning (10230): Verilog HDL assignment warning at top.v(27): truncated value with size 8 to match size of target (7) File: C:/modelsimproject/jeomja/top.v Line: 27
Warning (10230): Verilog HDL assignment warning at top.v(34): truncated value with size 8 to match size of target (7) File: C:/modelsimproject/jeomja/top.v Line: 34
Info (12128): Elaborating entity "cont" for hierarchy "cont:C0" File: C:/modelsimproject/jeomja/top.v Line: 20
Info (10264): Verilog HDL Case Statement information at cont.v(72): all case item expressions in this case statement are onehot File: C:/modelsimproject/jeomja/cont.v Line: 72
Warning (10240): Verilog HDL Always Construct warning at cont.v(59): inferring latch(es) for variable "cscplt", which holds its previous value in one or more paths through the always construct File: C:/modelsimproject/jeomja/cont.v Line: 59
Warning (10240): Verilog HDL Always Construct warning at cont.v(59): inferring latch(es) for variable "numcplt", which holds its previous value in one or more paths through the always construct File: C:/modelsimproject/jeomja/cont.v Line: 59
Warning (10240): Verilog HDL Always Construct warning at cont.v(59): inferring latch(es) for variable "tmode", which holds its previous value in one or more paths through the always construct File: C:/modelsimproject/jeomja/cont.v Line: 59
Warning (10240): Verilog HDL Always Construct warning at cont.v(59): inferring latch(es) for variable "dcs", which holds its previous value in one or more paths through the always construct File: C:/modelsimproject/jeomja/cont.v Line: 59
Info (10041): Inferred latch for "dcs" at cont.v(59) File: C:/modelsimproject/jeomja/cont.v Line: 59
Info (10041): Inferred latch for "tmode" at cont.v(59) File: C:/modelsimproject/jeomja/cont.v Line: 59
Info (10041): Inferred latch for "numcplt" at cont.v(59) File: C:/modelsimproject/jeomja/cont.v Line: 59
Info (10041): Inferred latch for "cscplt" at cont.v(59) File: C:/modelsimproject/jeomja/cont.v Line: 59
Info (12128): Elaborating entity "AsToBr" for hierarchy "AsToBr:D0" File: C:/modelsimproject/jeomja/top.v Line: 21
Info (12128): Elaborating entity "tempsave" for hierarchy "tempsave:T0" File: C:/modelsimproject/jeomja/top.v Line: 23
Info (13000): Registers with preset signals will power-up high File: C:/modelsimproject/jeomja/tempsave.v Line: 31
Info (13003): DEV_CLRn pin will set, and not reset, register with preset signal due to NOT Gate Push-Back
Info (286030): Timing-Driven Synthesis is running
Info (17049): 3 registers lost all their fanouts during netlist optimizations.
Info (144001): Generated suppressed messages file C:/modelsimproject/jeomja/output_files/AsToBr.map.smsg
Info (16010): Generating hard_block partition "hard_block:auto_generated_inst"
    Info (16011): Adding 0 node(s), including 0 DDIO, 0 PLL, 0 transceiver and 0 LCELL
Info (21057): Implemented 217 device resources after synthesis - the final resource count might be different
    Info (21058): Implemented 10 input pins
    Info (21059): Implemented 7 output pins
    Info (21061): Implemented 200 logic cells
Info: Quartus Prime Analysis & Synthesis was successful. 0 errors, 8 warnings
    Info: Peak virtual memory: 4815 megabytes
    Info: Processing ended: Thu Nov 05 16:01:26 2020
    Info: Elapsed time: 00:00:09
    Info: Total CPU time (on all processors): 00:00:18


+------------------------------------------+
; Analysis & Synthesis Suppressed Messages ;
+------------------------------------------+
The suppressed messages can be found in C:/modelsimproject/jeomja/output_files/AsToBr.map.smsg.


